<?xml version="1.0" encoding="UTF-8"?>
<!-- Generated by org.testng.reporters.JUnitReportReporter -->
<testsuite hostname="SREENU-PC" name="codetheory.interview.sweety.CommonFunctions.Excel" tests="1" failures="0" timestamp="11 Jul 2016 17:04:57 GMT" time="347.083" errors="0">
  <testcase name="f" time="347.083" classname="codetheory.interview.sweety.CommonFunctions.Excel"/>
</testsuite> <!-- codetheory.interview.sweety.CommonFunctions.Excel -->
