<?xml version="1.0" encoding="UTF-8"?>
<!-- Generated by org.testng.reporters.JUnitReportReporter -->
<testsuite hostname="SREENU-PC" name="codetheory.interview.sweety.Sample_NewTest" tests="4" failures="0" timestamp="13 Jul 2016 20:35:38 GMT" time="64.680" errors="0">
  <testcase name="VerifyMonthlyReport" time="20.632" classname="codetheory.interview.sweety.Sample_NewTest"/>
  <testcase name="AddLevel" time="11.126" classname="codetheory.interview.sweety.Sample_NewTest"/>
  <testcase name="LoginIntoApp" time="16.400" classname="codetheory.interview.sweety.Sample_NewTest"/>
  <testcase name="DeleteAllRecentEntries" time="16.522" classname="codetheory.interview.sweety.Sample_NewTest"/>
</testsuite> <!-- codetheory.interview.sweety.Sample_NewTest -->
